<?xml version="1.0" encoding="UTF-8"?>
<!-- Generated by org.testng.reporters.JUnitReportReporter -->
<testsuite hostname="ip-172-31-33-114" failures="0" tests="5" name="com.simplilearn.FlyAwayAppAutomation.LoginTest" time="5.190" errors="0" timestamp="2025-03-01T19:05:15 UTC" skipped="0">
  <testcase classname="com.simplilearn.FlyAwayAppAutomation.LoginTest" name="testLogin" time="0.979"/>
  <testcase classname="com.simplilearn.FlyAwayAppAutomation.LoginTest" name="testInvalidLogin" time="0.719"/>
  <testcase classname="com.simplilearn.FlyAwayAppAutomation.LoginTest" name="initiateBooking" time="1.350"/>
  <testcase classname="com.simplilearn.FlyAwayAppAutomation.LoginTest" name="seeBookings" time="0.500"/>
  <testcase classname="com.simplilearn.FlyAwayAppAutomation.LoginTest" name="editProfile" time="1.642"/>
</testsuite> <!-- com.simplilearn.FlyAwayAppAutomation.LoginTest -->
