<?xml version="1.0" encoding="UTF-8"?>
<!-- Generated by org.testng.reporters.JUnitReportReporter -->
<testsuite hostname="ip-172-31-33-114" failures="0" tests="1" name="com.simplilearn.FlyAwayAppAutomation.BookingTest" time="0.439" errors="0" timestamp="2025-03-01T14:33:09 UTC" skipped="0">
  <testcase classname="com.simplilearn.FlyAwayAppAutomation.BookingTest" name="initiateBooking" time="0.439"/>
</testsuite> <!-- com.simplilearn.FlyAwayAppAutomation.BookingTest -->
