<?xml version="1.0" encoding="UTF-8"?>
<!-- Generated by org.testng.reporters.JUnitReportReporter -->
<testsuite hostname="ip-172-31-33-114" failures="0" tests="3" name="com.simplilearn.FlyAwayAppAutomation.RegisterTest" time="4.053" errors="0" timestamp="2025-03-01T19:05:15 UTC" skipped="0">
  <testcase classname="com.simplilearn.FlyAwayAppAutomation.RegisterTest" name="signUp" time="2.151"/>
  <testcase classname="com.simplilearn.FlyAwayAppAutomation.RegisterTest" name="searchFlights" time="1.154"/>
  <testcase classname="com.simplilearn.FlyAwayAppAutomation.RegisterTest" name="searchNoflights" time="0.748"/>
</testsuite> <!-- com.simplilearn.FlyAwayAppAutomation.RegisterTest -->
